I, [2020-01-10T11:33:26.049507 #38284]  INFO -- : scraping https://imitsu.jp/list/hp-design/movie/
I, [2020-01-10T11:34:02.847153 #38284]  INFO -- : scraping https://imitsu.jp/search/movie/
I, [2020-01-10T11:34:36.337933 #38284]  INFO -- : scraping https://imitsu.jp/cost/movie/
I, [2020-01-10T11:35:03.930110 #38284]  INFO -- : scraping https://imitsu.jp/cost/movie/simulator
I, [2020-01-10T11:36:00.900043 #38284]  INFO -- : scraping https://imitsu.jp/list/movie/low-price/
I, [2020-01-10T11:36:46.639489 #38284]  INFO -- : scraping https://imitsu.jp/matome/movie/4350091571241725
I, [2020-01-10T11:37:45.537746 #38284]  INFO -- : scraping https://imitsu.jp/list/movie/tokyo/
I, [2020-01-10T11:38:48.483083 #38284]  INFO -- : scraping https://imitsu.jp/list/movie/kanagawa/
I, [2020-01-10T11:39:31.029120 #38284]  INFO -- : scraping https://imitsu.jp/list/movie/osaka/
I, [2020-01-10T11:40:16.310374 #38284]  INFO -- : scraping https://imitsu.jp/list/movie/aichi/
I, [2020-01-10T11:41:20.272488 #38284]  INFO -- : scraping https://imitsu.jp/list/movie/fukuoka/
I, [2020-01-10T11:42:19.103465 #38284]  INFO -- : scraping https://imitsu.jp/list/movie/hokkaido/
I, [2020-01-10T11:43:21.964979 #38284]  INFO -- : something wrong with https://imitsu.jp/list/movie/aomori/ and now retrying...
I, [2020-01-10T11:44:22.886681 #38284]  INFO -- : something wrong with https://imitsu.jp/list/movie/aomori/ and now retrying...
I, [2020-01-10T11:45:29.599573 #46640]  INFO -- : scraping https://imitsu.jp/list/hp-design/movie/
I, [2020-01-10T11:46:02.021010 #46640]  INFO -- : scraping https://imitsu.jp/search/movie/
I, [2020-01-10T11:46:41.871650 #46640]  INFO -- : scraping https://imitsu.jp/cost/movie/
I, [2020-01-10T11:47:16.286059 #46640]  INFO -- : scraping https://imitsu.jp/cost/movie/simulator
I, [2020-01-10T11:48:30.273329 #46640]  INFO -- : scraping https://imitsu.jp/list/movie/low-price/
I, [2020-01-10T11:49:10.995438 #46640]  INFO -- : scraping https://imitsu.jp/matome/movie/4350091571241725
I, [2020-01-10T11:50:00.544464 #46640]  INFO -- : scraping https://imitsu.jp/list/movie/tokyo/
I, [2020-01-10T11:51:18.203348 #46640]  INFO -- : scraping https://imitsu.jp/list/movie/kanagawa/
I, [2020-01-10T11:52:21.008271 #46640]  INFO -- : something wrong with https://imitsu.jp/list/movie/osaka/ and now retrying...
I, [2020-01-10T11:53:37.546908 #46640]  INFO -- : scraping https://imitsu.jp/list/movie/osaka/
I, [2020-01-10T11:53:52.270730 #46640]  INFO -- : something wrong with https://imitsu.jp/list/movie/aichi/ and now retrying...
I, [2020-01-10T11:53:53.610869 #46640]  INFO -- : something wrong with https://imitsu.jp/list/movie/aichi/ and now retrying...
I, [2020-01-10T11:54:00.257654 #46640]  INFO -- : something wrong with https://imitsu.jp/list/movie/fukuoka/ and now retrying...
I, [2020-01-10T11:54:02.268597 #46640]  INFO -- : something wrong with https://imitsu.jp/list/movie/fukuoka/ and now retrying...
I, [2020-01-10T11:54:03.056973 #46640]  INFO -- : something wrong with https://imitsu.jp/list/movie/hokkaido/ and now retrying...
I, [2020-01-10T11:54:29.037225 #46640]  INFO -- : something wrong with https://imitsu.jp/list/movie/hokkaido/ and now retrying...
I, [2020-01-10T11:55:02.723904 #46640]  INFO -- : scraping https://imitsu.jp/list/movie/aomori/
I, [2020-01-10T11:55:38.325708 #46640]  INFO -- : scraping https://imitsu.jp/list/movie/akita/
I, [2020-01-10T11:55:40.338629 #46640]  INFO -- : something wrong with https://imitsu.jp/list/movie/yamagata/ and now retrying...
I, [2020-01-10T11:55:40.340505 #46640]  INFO -- : something wrong with https://imitsu.jp/list/movie/yamagata/ and now retrying...
I, [2020-01-10T11:55:40.341241 #46640]  INFO -- : something wrong with https://imitsu.jp/list/movie/iwate/ and now retrying...
I, [2020-01-10T11:55:40.345125 #46640]  INFO -- : something wrong with https://imitsu.jp/list/movie/iwate/ and now retrying...
I, [2020-01-10T11:55:40.351569 #46640]  INFO -- : something wrong with https://imitsu.jp/list/movie/miyagi/ and now retrying...
I, [2020-01-10T11:55:40.353283 #46640]  INFO -- : something wrong with https://imitsu.jp/list/movie/miyagi/ and now retrying...
I, [2020-01-10T11:55:40.354845 #46640]  INFO -- : something wrong with https://imitsu.jp/list/movie/fukushima/ and now retrying...
I, [2020-01-10T11:55:40.356077 #46640]  INFO -- : something wrong with https://imitsu.jp/list/movie/fukushima/ and now retrying...
I, [2020-01-10T11:55:40.357744 #46640]  INFO -- : something wrong with https://imitsu.jp/list/movie/saitama/ and now retrying...
I, [2020-01-10T11:55:40.360708 #46640]  INFO -- : something wrong with https://imitsu.jp/list/movie/saitama/ and now retrying...
I, [2020-01-10T11:57:18.122773 #46640]  INFO -- : something wrong with https://imitsu.jp/list/movie/chiba/ and now retrying...
I, [2020-01-10T11:58:06.864668 #46640]  INFO -- : scraping https://imitsu.jp/list/movie/chiba/
I, [2020-01-10T11:58:13.321503 #46640]  INFO -- : something wrong with https://imitsu.jp/list/movie/tochigi/ and now retrying...
I, [2020-01-10T11:58:33.482073 #46640]  INFO -- : something wrong with https://imitsu.jp/list/movie/tochigi/ and now retrying...
I, [2020-01-10T11:58:34.647818 #46640]  INFO -- : something wrong with https://imitsu.jp/list/movie/ibaraki/ and now retrying...
I, [2020-01-10T11:58:34.651445 #46640]  INFO -- : something wrong with https://imitsu.jp/list/movie/ibaraki/ and now retrying...
I, [2020-01-10T11:58:34.652631 #46640]  INFO -- : something wrong with https://imitsu.jp/list/movie/gumma/ and now retrying...
I, [2020-01-10T11:58:34.653309 #46640]  INFO -- : something wrong with https://imitsu.jp/list/movie/gumma/ and now retrying...
I, [2020-01-10T11:58:34.653850 #46640]  INFO -- : something wrong with https://imitsu.jp/list/movie/gifu/ and now retrying...
I, [2020-01-10T11:58:34.654367 #46640]  INFO -- : something wrong with https://imitsu.jp/list/movie/gifu/ and now retrying...
I, [2020-01-10T11:58:34.655150 #46640]  INFO -- : something wrong with https://imitsu.jp/list/movie/shizuoka/ and now retrying...
I, [2020-01-10T11:58:34.656054 #46640]  INFO -- : something wrong with https://imitsu.jp/list/movie/shizuoka/ and now retrying...
I, [2020-01-10T11:58:34.656599 #46640]  INFO -- : something wrong with https://imitsu.jp/list/movie/mie/ and now retrying...
I, [2020-01-10T11:58:34.657816 #46640]  INFO -- : something wrong with https://imitsu.jp/list/movie/mie/ and now retrying...
I, [2020-01-10T11:58:34.658387 #46640]  INFO -- : something wrong with https://imitsu.jp/list/movie/niigata/ and now retrying...
I, [2020-01-10T11:58:34.660132 #46640]  INFO -- : something wrong with https://imitsu.jp/list/movie/niigata/ and now retrying...
I, [2020-01-10T11:58:34.661310 #46640]  INFO -- : something wrong with https://imitsu.jp/list/movie/yamanashi/ and now retrying...
I, [2020-01-10T11:58:34.662591 #46640]  INFO -- : something wrong with https://imitsu.jp/list/movie/yamanashi/ and now retrying...
I, [2020-01-10T11:58:34.663432 #46640]  INFO -- : something wrong with https://imitsu.jp/list/movie/nagano/ and now retrying...
I, [2020-01-10T11:58:34.668037 #46640]  INFO -- : something wrong with https://imitsu.jp/list/movie/nagano/ and now retrying...
I, [2020-01-10T11:58:34.672284 #46640]  INFO -- : something wrong with https://imitsu.jp/list/movie/ishikawa/ and now retrying...
I, [2020-01-10T11:58:34.672878 #46640]  INFO -- : something wrong with https://imitsu.jp/list/movie/ishikawa/ and now retrying...
I, [2020-01-10T11:58:34.673942 #46640]  INFO -- : something wrong with https://imitsu.jp/list/movie/toyama/ and now retrying...
I, [2020-01-10T11:58:34.674630 #46640]  INFO -- : something wrong with https://imitsu.jp/list/movie/toyama/ and now retrying...
I, [2020-01-10T11:58:34.675668 #46640]  INFO -- : something wrong with https://imitsu.jp/list/movie/fukui/ and now retrying...
I, [2020-01-10T11:58:34.677963 #46640]  INFO -- : something wrong with https://imitsu.jp/list/movie/fukui/ and now retrying...
I, [2020-01-10T11:58:34.679911 #46640]  INFO -- : something wrong with https://imitsu.jp/list/movie/hyogo/ and now retrying...
I, [2020-01-10T11:58:34.683396 #46640]  INFO -- : something wrong with https://imitsu.jp/list/movie/hyogo/ and now retrying...
I, [2020-01-10T11:58:34.684888 #46640]  INFO -- : something wrong with https://imitsu.jp/list/movie/kyoto/ and now retrying...
I, [2020-01-10T11:58:34.686105 #46640]  INFO -- : something wrong with https://imitsu.jp/list/movie/kyoto/ and now retrying...
I, [2020-01-10T11:58:34.686785 #46640]  INFO -- : something wrong with https://imitsu.jp/list/movie/shiga/ and now retrying...
I, [2020-01-10T11:58:34.687957 #46640]  INFO -- : something wrong with https://imitsu.jp/list/movie/shiga/ and now retrying...
I, [2020-01-10T11:58:34.688760 #46640]  INFO -- : something wrong with https://imitsu.jp/list/movie/nara/ and now retrying...
I, [2020-01-10T11:58:34.689708 #46640]  INFO -- : something wrong with https://imitsu.jp/list/movie/nara/ and now retrying...
I, [2020-01-10T11:58:34.692241 #46640]  INFO -- : something wrong with https://imitsu.jp/list/movie/wakayama/ and now retrying...
I, [2020-01-10T11:58:34.695580 #46640]  INFO -- : something wrong with https://imitsu.jp/list/movie/wakayama/ and now retrying...
I, [2020-01-10T11:58:34.696657 #46640]  INFO -- : something wrong with https://imitsu.jp/list/movie/okayama/ and now retrying...
I, [2020-01-10T11:58:34.697724 #46640]  INFO -- : something wrong with https://imitsu.jp/list/movie/okayama/ and now retrying...
I, [2020-01-10T11:58:34.701661 #46640]  INFO -- : something wrong with https://imitsu.jp/list/movie/hiroshima/ and now retrying...
I, [2020-01-10T11:58:34.702599 #46640]  INFO -- : something wrong with https://imitsu.jp/list/movie/hiroshima/ and now retrying...
I, [2020-01-10T11:58:34.705303 #46640]  INFO -- : something wrong with https://imitsu.jp/list/movie/tottori/ and now retrying...
I, [2020-01-10T11:58:34.705897 #46640]  INFO -- : something wrong with https://imitsu.jp/list/movie/tottori/ and now retrying...
I, [2020-01-10T11:58:34.706438 #46640]  INFO -- : something wrong with https://imitsu.jp/list/movie/shimane/ and now retrying...
I, [2020-01-10T11:58:34.712707 #46640]  INFO -- : something wrong with https://imitsu.jp/list/movie/shimane/ and now retrying...
I, [2020-01-10T11:58:34.713683 #46640]  INFO -- : something wrong with https://imitsu.jp/list/movie/yamaguchi/ and now retrying...
I, [2020-01-10T11:58:34.714572 #46640]  INFO -- : something wrong with https://imitsu.jp/list/movie/yamaguchi/ and now retrying...
I, [2020-01-10T11:58:34.718033 #46640]  INFO -- : something wrong with https://imitsu.jp/list/movie/kagawa/ and now retrying...
I, [2020-01-10T11:58:34.721969 #46640]  INFO -- : something wrong with https://imitsu.jp/list/movie/kagawa/ and now retrying...
I, [2020-01-10T11:58:34.723438 #46640]  INFO -- : something wrong with https://imitsu.jp/list/movie/tokushima/ and now retrying...
I, [2020-01-10T11:58:34.724492 #46640]  INFO -- : something wrong with https://imitsu.jp/list/movie/tokushima/ and now retrying...
I, [2020-01-10T11:58:34.725354 #46640]  INFO -- : something wrong with https://imitsu.jp/list/movie/ehime/ and now retrying...
I, [2020-01-10T11:58:34.735129 #46640]  INFO -- : something wrong with https://imitsu.jp/list/movie/ehime/ and now retrying...
I, [2020-01-10T11:58:34.736326 #46640]  INFO -- : something wrong with https://imitsu.jp/list/movie/kochi/ and now retrying...
I, [2020-01-10T11:58:34.737360 #46640]  INFO -- : something wrong with https://imitsu.jp/list/movie/kochi/ and now retrying...
I, [2020-01-10T11:58:34.739513 #46640]  INFO -- : something wrong with https://imitsu.jp/list/movie/saga/ and now retrying...
I, [2020-01-10T11:58:34.740392 #46640]  INFO -- : something wrong with https://imitsu.jp/list/movie/saga/ and now retrying...
I, [2020-01-10T11:58:34.741259 #46640]  INFO -- : something wrong with https://imitsu.jp/list/movie/nagasaki/ and now retrying...
I, [2020-01-10T11:58:34.742112 #46640]  INFO -- : something wrong with https://imitsu.jp/list/movie/nagasaki/ and now retrying...
I, [2020-01-10T11:58:34.744648 #46640]  INFO -- : something wrong with https://imitsu.jp/list/movie/kumamoto/ and now retrying...
I, [2020-01-10T11:58:34.746519 #46640]  INFO -- : something wrong with https://imitsu.jp/list/movie/kumamoto/ and now retrying...
I, [2020-01-10T11:58:34.747403 #46640]  INFO -- : something wrong with https://imitsu.jp/list/movie/oita/ and now retrying...
I, [2020-01-10T11:58:34.751242 #46640]  INFO -- : something wrong with https://imitsu.jp/list/movie/oita/ and now retrying...
I, [2020-01-10T11:58:34.752308 #46640]  INFO -- : something wrong with https://imitsu.jp/list/movie/miyazaki/ and now retrying...
I, [2020-01-10T11:58:34.758414 #46640]  INFO -- : something wrong with https://imitsu.jp/list/movie/miyazaki/ and now retrying...
I, [2020-01-10T11:58:34.759215 #46640]  INFO -- : something wrong with https://imitsu.jp/list/movie/kagoshima/ and now retrying...
I, [2020-01-10T11:58:34.760303 #46640]  INFO -- : something wrong with https://imitsu.jp/list/movie/kagoshima/ and now retrying...
I, [2020-01-10T11:58:34.761296 #46640]  INFO -- : something wrong with https://imitsu.jp/list/movie/okinawa/ and now retrying...
I, [2020-01-10T11:58:34.762585 #46640]  INFO -- : something wrong with https://imitsu.jp/list/movie/okinawa/ and now retrying...
I, [2020-01-10T11:58:34.763349 #46640]  INFO -- : something wrong with https://imitsu.jp/list/movie/anime/ and now retrying...
I, [2020-01-10T11:58:34.764102 #46640]  INFO -- : something wrong with https://imitsu.jp/list/movie/anime/ and now retrying...
I, [2020-01-10T11:58:34.768329 #46640]  INFO -- : something wrong with https://imitsu.jp/list/movie/seminar/ and now retrying...
I, [2020-01-10T11:58:34.769403 #46640]  INFO -- : something wrong with https://imitsu.jp/list/movie/seminar/ and now retrying...
I, [2020-01-10T11:58:36.156587 #46640]  INFO -- : something wrong with https://imitsu.jp/list/movie/pv/ and now retrying...
I, [2020-01-10T11:58:37.215982 #46640]  INFO -- : something wrong with https://imitsu.jp/list/movie/pv/ and now retrying...
I, [2020-01-10T11:58:55.770039 #46640]  INFO -- : something wrong with https://imitsu.jp/list/movie/youtube/ and now retrying...
I, [2020-01-10T11:59:06.147635 #46640]  INFO -- : something wrong with https://imitsu.jp/list/movie/youtube/ and now retrying...
I, [2020-01-10T12:15:15.085536 #60366]  INFO -- : scraping https://imitsu.jp/list/hp-design/movie/
I, [2020-01-10T12:15:19.263306 #60366]  INFO -- : scraping https://imitsu.jp/search/movie/
I, [2020-01-10T12:15:22.370307 #60366]  INFO -- : scraping https://imitsu.jp/cost/movie/
I, [2020-01-10T12:15:24.684117 #60366]  INFO -- : scraping https://imitsu.jp/cost/movie/simulator
I, [2020-01-10T12:15:28.659303 #60366]  INFO -- : scraping https://imitsu.jp/list/movie/low-price/
I, [2020-01-10T12:15:30.982083 #60366]  INFO -- : scraping https://imitsu.jp/matome/movie/4350091571241725
I, [2020-01-10T12:15:35.135970 #60366]  INFO -- : scraping https://imitsu.jp/list/movie/tokyo/
I, [2020-01-10T12:15:38.133978 #60366]  INFO -- : scraping https://imitsu.jp/list/movie/kanagawa/
I, [2020-01-10T12:15:41.254941 #60366]  INFO -- : scraping https://imitsu.jp/list/movie/osaka/
I, [2020-01-10T12:15:44.434028 #60366]  INFO -- : scraping https://imitsu.jp/list/movie/aichi/
I, [2020-01-10T12:15:47.547562 #60366]  INFO -- : scraping https://imitsu.jp/list/movie/fukuoka/
I, [2020-01-10T12:15:50.972192 #60366]  INFO -- : scraping https://imitsu.jp/list/movie/hokkaido/
I, [2020-01-10T12:15:54.893215 #60366]  INFO -- : scraping https://imitsu.jp/list/movie/aomori/
I, [2020-01-10T12:15:58.120512 #60366]  INFO -- : scraping https://imitsu.jp/list/movie/akita/
I, [2020-01-10T12:16:02.504437 #60366]  INFO -- : scraping https://imitsu.jp/list/movie/yamagata/
I, [2020-01-10T12:16:06.449255 #60366]  INFO -- : scraping https://imitsu.jp/list/movie/iwate/
I, [2020-01-10T12:16:09.590583 #60366]  INFO -- : scraping https://imitsu.jp/list/movie/miyagi/
I, [2020-01-10T12:16:12.743029 #60366]  INFO -- : scraping https://imitsu.jp/list/movie/fukushima/
I, [2020-01-10T12:16:15.978198 #60366]  INFO -- : scraping https://imitsu.jp/list/movie/saitama/
I, [2020-01-10T12:16:19.006225 #60366]  INFO -- : scraping https://imitsu.jp/list/movie/chiba/
I, [2020-01-10T12:16:22.149689 #60366]  INFO -- : scraping https://imitsu.jp/list/movie/tochigi/
I, [2020-01-10T12:16:25.315125 #60366]  INFO -- : scraping https://imitsu.jp/list/movie/ibaraki/
I, [2020-01-10T12:16:28.453311 #60366]  INFO -- : scraping https://imitsu.jp/list/movie/gumma/
I, [2020-01-10T12:16:31.605772 #60366]  INFO -- : scraping https://imitsu.jp/list/movie/gifu/
I, [2020-01-10T12:16:34.792596 #60366]  INFO -- : scraping https://imitsu.jp/list/movie/shizuoka/
I, [2020-01-10T12:16:37.885663 #60366]  INFO -- : scraping https://imitsu.jp/list/movie/mie/
I, [2020-01-10T12:16:41.022982 #60366]  INFO -- : scraping https://imitsu.jp/list/movie/niigata/
I, [2020-01-10T12:16:44.246181 #60366]  INFO -- : scraping https://imitsu.jp/list/movie/yamanashi/
I, [2020-01-10T12:16:48.378596 #60366]  INFO -- : scraping https://imitsu.jp/list/movie/nagano/
I, [2020-01-10T12:16:51.829420 #60366]  INFO -- : scraping https://imitsu.jp/list/movie/ishikawa/
I, [2020-01-10T12:16:56.888459 #60366]  INFO -- : scraping https://imitsu.jp/list/movie/toyama/
I, [2020-01-10T12:16:59.941966 #60366]  INFO -- : scraping https://imitsu.jp/list/movie/fukui/
I, [2020-01-10T12:17:03.136033 #60366]  INFO -- : scraping https://imitsu.jp/list/movie/hyogo/
I, [2020-01-10T12:17:06.212760 #60366]  INFO -- : scraping https://imitsu.jp/list/movie/kyoto/
I, [2020-01-10T12:17:11.578879 #60366]  INFO -- : scraping https://imitsu.jp/list/movie/shiga/
I, [2020-01-10T12:17:15.629274 #60366]  INFO -- : scraping https://imitsu.jp/list/movie/nara/
I, [2020-01-10T12:17:18.782334 #60366]  INFO -- : scraping https://imitsu.jp/list/movie/wakayama/
I, [2020-01-10T12:17:23.126238 #60366]  INFO -- : scraping https://imitsu.jp/list/movie/okayama/
I, [2020-01-10T12:17:26.140947 #60366]  INFO -- : scraping https://imitsu.jp/list/movie/hiroshima/
I, [2020-01-10T12:17:29.258246 #60366]  INFO -- : scraping https://imitsu.jp/list/movie/tottori/
I, [2020-01-10T12:17:32.409433 #60366]  INFO -- : scraping https://imitsu.jp/list/movie/shimane/
I, [2020-01-10T12:17:35.579944 #60366]  INFO -- : scraping https://imitsu.jp/list/movie/yamaguchi/
I, [2020-01-10T12:17:38.716728 #60366]  INFO -- : scraping https://imitsu.jp/list/movie/kagawa/
I, [2020-01-10T12:17:41.853149 #60366]  INFO -- : scraping https://imitsu.jp/list/movie/tokushima/
I, [2020-01-10T12:17:44.987461 #60366]  INFO -- : scraping https://imitsu.jp/list/movie/ehime/
I, [2020-01-10T12:17:47.319411 #60366]  INFO -- : scraping https://imitsu.jp/list/movie/kochi/
I, [2020-01-10T12:17:51.341263 #60366]  INFO -- : scraping https://imitsu.jp/list/movie/saga/
I, [2020-01-10T12:17:54.428291 #60366]  INFO -- : scraping https://imitsu.jp/list/movie/nagasaki/
I, [2020-01-10T12:18:01.798313 #60366]  INFO -- : scraping https://imitsu.jp/list/movie/kumamoto/
I, [2020-01-10T12:18:06.078069 #60366]  INFO -- : scraping https://imitsu.jp/list/movie/oita/
I, [2020-01-10T12:18:09.212783 #60366]  INFO -- : scraping https://imitsu.jp/list/movie/miyazaki/
I, [2020-01-10T12:18:15.540104 #60366]  INFO -- : scraping https://imitsu.jp/list/movie/kagoshima/
I, [2020-01-10T12:18:18.573885 #60366]  INFO -- : scraping https://imitsu.jp/list/movie/okinawa/
I, [2020-01-10T12:18:21.700241 #60366]  INFO -- : scraping https://imitsu.jp/list/movie/anime/
I, [2020-01-10T12:18:24.840806 #60366]  INFO -- : scraping https://imitsu.jp/list/movie/seminar/
I, [2020-01-10T12:18:28.052546 #60366]  INFO -- : scraping https://imitsu.jp/list/movie/pv/
I, [2020-01-10T12:18:31.157685 #60366]  INFO -- : scraping https://imitsu.jp/list/movie/youtube/
I, [2020-01-10T12:18:34.356569 #60366]  INFO -- : scraping https://imitsu.jp/list/movie/cm/
I, [2020-01-10T12:18:37.650359 #60366]  INFO -- : scraping https://imitsu.jp/list/movie/product-introduction/
I, [2020-01-10T12:18:41.720941 #60366]  INFO -- : scraping https://imitsu.jp/list/movie/manual/
I, [2020-01-10T12:18:47.049257 #60366]  INFO -- : scraping https://imitsu.jp/list/movie/training/
I, [2020-01-10T12:18:50.014821 #60366]  INFO -- : scraping https://imitsu.jp/list/movie/signage/
I, [2020-01-10T12:18:53.351926 #60366]  INFO -- : scraping https://imitsu.jp/list/movie/promotion/
I, [2020-01-10T12:18:57.434049 #60366]  INFO -- : scraping https://imitsu.jp/list/movie/exhibition/
I, [2020-01-10T12:19:00.527313 #60366]  INFO -- : scraping https://imitsu.jp/list/movie/ar/
I, [2020-01-10T12:19:03.712737 #60366]  INFO -- : scraping https://imitsu.jp/list/movie/3d/
I, [2020-01-10T12:19:06.844007 #60366]  INFO -- : scraping https://imitsu.jp/list/movie/vr/
I, [2020-01-10T12:19:10.054971 #60366]  INFO -- : scraping https://imitsu.jp/list/movie/company-profile/
I, [2020-01-10T12:19:13.144287 #60366]  INFO -- : scraping https://imitsu.jp/list/movie/recruit/
I, [2020-01-10T12:19:17.286587 #60366]  INFO -- : scraping https://imitsu.jp/list/movie/anniversary-video/
I, [2020-01-10T12:19:20.417070 #60366]  INFO -- : scraping https://imitsu.jp/list/movie/video/
I, [2020-01-10T12:19:23.562481 #60366]  INFO -- : scraping https://imitsu.jp/list/movie/live/
I, [2020-01-10T12:19:26.727143 #60366]  INFO -- : scraping https://imitsu.jp/list/movie/dvd/
I, [2020-01-10T12:19:29.877650 #60366]  INFO -- : scraping https://imitsu.jp/list/movie/large-enterprise/
I, [2020-01-10T12:19:33.255706 #60366]  INFO -- : scraping https://imitsu.jp/list/movie/aplication/
I, [2020-01-10T12:19:37.203624 #60366]  INFO -- : scraping https://imitsu.jp/list/movie/medical/
I, [2020-01-10T12:19:40.375551 #60366]  INFO -- : scraping https://imitsu.jp/list/movie/drawn/
I, [2020-01-10T12:19:43.487093 #60366]  INFO -- : scraping https://imitsu.jp/list/movie/web-site/
I, [2020-01-10T12:19:46.643800 #60366]  INFO -- : scraping https://imitsu.jp/list/movie/shooting-fukuoka/
I, [2020-01-10T12:19:49.826434 #60366]  INFO -- : scraping https://imitsu.jp/list/movie/event-shooting-tokyo/
I, [2020-01-10T12:19:52.978929 #60366]  INFO -- : scraping https://imitsu.jp/list/movie/event-shooting-fukuoka/
I, [2020-01-10T12:19:56.080735 #60366]  INFO -- : scraping https://imitsu.jp/list/movie/event-shooting-kyoto/
I, [2020-01-10T12:19:59.238541 #60366]  INFO -- : scraping https://imitsu.jp/list/movie/infomercial/
I, [2020-01-10T12:20:02.369290 #60366]  INFO -- : scraping https://imitsu.jp/list/movie/live-stream-fukuoka/
I, [2020-01-10T12:20:05.612480 #60366]  INFO -- : scraping https://imitsu.jp/list/movie/video-ad-fukuoka/
I, [2020-01-10T12:20:08.745843 #60366]  INFO -- : scraping https://imitsu.jp/list/movie/video-marketing-osaka/
I, [2020-01-10T12:20:11.827628 #60366]  INFO -- : scraping https://imitsu.jp/list/movie/3dcg-production-tokyo/
I, [2020-01-10T12:20:14.942218 #60366]  INFO -- : scraping https://imitsu.jp/list/movie/3dcg-production-fukuoka/
I, [2020-01-10T12:20:18.147251 #60366]  INFO -- : scraping https://imitsu.jp/list/movie/3dcg-production-osaka/
I, [2020-01-10T12:20:21.245815 #60366]  INFO -- : scraping https://imitsu.jp/list/movie/live-stream-tokyo/
I, [2020-01-10T12:20:24.938789 #60366]  INFO -- : scraping https://imitsu.jp/list/movie/animation-nagoya/
I, [2020-01-10T12:20:28.589654 #60366]  INFO -- : scraping https://imitsu.jp/list/movie/video-ad-nagoya/
I, [2020-01-10T12:20:31.714887 #60366]  INFO -- : scraping https://imitsu.jp/list/movie/recruit-video-fukuoka/
I, [2020-01-10T12:20:34.863377 #60366]  INFO -- : scraping https://imitsu.jp/list/movie/recruit-video-tokyo/
I, [2020-01-10T12:20:38.026079 #60366]  INFO -- : scraping https://imitsu.jp/list/movie/event-shooting-nagoya/
I, [2020-01-10T12:20:41.175153 #60366]  INFO -- : scraping https://imitsu.jp/list/movie/animation-fukuoka/
I, [2020-01-10T12:20:44.307333 #60366]  INFO -- : scraping https://imitsu.jp/list/movie/animation-osaka/
I, [2020-01-10T12:20:47.529220 #60366]  INFO -- : scraping https://imitsu.jp/list/movie/promotion-tokyo/
I, [2020-01-10T12:20:50.596532 #60366]  INFO -- : scraping https://imitsu.jp/list/movie/company-promotion-tokyo/
I, [2020-01-10T12:20:53.749118 #60366]  INFO -- : scraping https://imitsu.jp/list/movie/company-promotion-osaka/
I, [2020-01-10T12:20:56.905122 #60366]  INFO -- : scraping https://imitsu.jp/list/movie/company-promotion-nagoya/
I, [2020-01-10T12:21:00.098983 #60366]  INFO -- : scraping https://imitsu.jp/list/movie/company-promotion-fukuoka/
I, [2020-01-10T12:21:03.245787 #60366]  INFO -- : scraping https://imitsu.jp/list/movie/company-profile-osaka/
I, [2020-01-10T12:21:06.341234 #60366]  INFO -- : scraping https://imitsu.jp/list/movie/3dcg-production-nagoya/
I, [2020-01-10T12:21:09.526554 #60366]  INFO -- : scraping https://imitsu.jp/list/movie/documentary/
I, [2020-01-10T12:21:12.612692 #60366]  INFO -- : scraping https://imitsu.jp/list/movie/cm-tokyo/
I, [2020-01-10T12:21:16.109528 #60366]  INFO -- : scraping https://imitsu.jp/list/movie/video-marketing-nagoya/
I, [2020-01-10T12:21:19.954297 #60366]  INFO -- : scraping https://imitsu.jp/list/movie/video-marketing-yokohama/
I, [2020-01-10T12:21:23.114827 #60366]  INFO -- : scraping https://imitsu.jp/list/movie/exhibition-video-production-yokohama/
I, [2020-01-10T12:21:27.382478 #60366]  INFO -- : scraping https://imitsu.jp/list/movie/company-pr-video-company-vp-yokohama/
I, [2020-01-10T12:21:30.445859 #60366]  INFO -- : scraping https://imitsu.jp/list/movie/
