I, [2020-01-10T12:07:30.212974 #58128]  INFO -- : scraping https://imitsu.jp/list/hp-design/tax-accountant/
I, [2020-01-10T12:07:30.653751 #58128]  INFO -- : something wrong with https://imitsu.jp/list/hp-design/tax-accountant/ and now retrying...
I, [2020-01-10T12:07:30.653829 #58128]  INFO -- : scraping https://imitsu.jp/list/hp-design/tax-accountant/
I, [2020-01-10T12:07:30.750809 #58128]  INFO -- : something wrong with https://imitsu.jp/list/hp-design/tax-accountant/ and now retrying...
I, [2020-01-10T12:07:30.750874 #58128]  INFO -- : scraping https://imitsu.jp/search/tax-accountant/
I, [2020-01-10T12:07:31.640601 #58128]  INFO -- : something wrong with https://imitsu.jp/search/tax-accountant/ and now retrying...
I, [2020-01-10T12:07:31.640693 #58128]  INFO -- : scraping https://imitsu.jp/search/tax-accountant/
I, [2020-01-10T12:07:31.748196 #58128]  INFO -- : something wrong with https://imitsu.jp/search/tax-accountant/ and now retrying...
I, [2020-01-10T12:07:31.748286 #58128]  INFO -- : scraping https://imitsu.jp/cost/tax-accountant/
I, [2020-01-10T12:07:31.832286 #58128]  INFO -- : something wrong with https://imitsu.jp/cost/tax-accountant/ and now retrying...
I, [2020-01-10T12:07:31.832401 #58128]  INFO -- : scraping https://imitsu.jp/cost/tax-accountant/
I, [2020-01-10T12:07:32.780724 #58128]  INFO -- : something wrong with https://imitsu.jp/cost/tax-accountant/ and now retrying...
I, [2020-01-10T12:07:32.780900 #58128]  INFO -- : scraping https://imitsu.jp/cost/tax-accountant/simulator
I, [2020-01-10T12:07:32.902202 #58128]  INFO -- : something wrong with https://imitsu.jp/cost/tax-accountant/simulator and now retrying...
I, [2020-01-10T12:07:32.902283 #58128]  INFO -- : scraping https://imitsu.jp/cost/tax-accountant/simulator
I, [2020-01-10T12:07:33.791674 #58128]  INFO -- : something wrong with https://imitsu.jp/cost/tax-accountant/simulator and now retrying...
I, [2020-01-10T12:07:33.791815 #58128]  INFO -- : scraping https://imitsu.jp/list/tax-accountant/low-price/
I, [2020-01-10T12:07:33.878031 #58128]  INFO -- : something wrong with https://imitsu.jp/list/tax-accountant/low-price/ and now retrying...
I, [2020-01-10T12:07:33.878133 #58128]  INFO -- : scraping https://imitsu.jp/list/tax-accountant/low-price/
I, [2020-01-10T12:07:33.956649 #58128]  INFO -- : something wrong with https://imitsu.jp/list/tax-accountant/low-price/ and now retrying...
I, [2020-01-10T12:07:33.956738 #58128]  INFO -- : scraping https://imitsu.jp/list/tax-accountant/tokyo/
I, [2020-01-10T12:07:34.840518 #58128]  INFO -- : something wrong with https://imitsu.jp/list/tax-accountant/tokyo/ and now retrying...
I, [2020-01-10T12:07:34.840692 #58128]  INFO -- : scraping https://imitsu.jp/list/tax-accountant/tokyo/
I, [2020-01-10T12:07:34.933694 #58128]  INFO -- : something wrong with https://imitsu.jp/list/tax-accountant/tokyo/ and now retrying...
I, [2020-01-10T12:07:34.934002 #58128]  INFO -- : scraping https://imitsu.jp/list/tax-accountant/kanagawa/
I, [2020-01-10T12:08:04.980387 #58228]  INFO -- : scraping https://imitsu.jp/list/hp-design/tax-accountant/
I, [2020-01-10T12:08:05.278154 #58228]  INFO -- : something wrong with https://imitsu.jp/list/hp-design/tax-accountant/ and now retrying...
I, [2020-01-10T12:08:05.278289 #58228]  INFO -- : scraping https://imitsu.jp/list/hp-design/tax-accountant/
I, [2020-01-10T12:08:05.381235 #58228]  INFO -- : something wrong with https://imitsu.jp/list/hp-design/tax-accountant/ and now retrying...
I, [2020-01-10T12:08:05.381323 #58228]  INFO -- : scraping https://imitsu.jp/search/tax-accountant/
I, [2020-01-10T12:08:06.307175 #58228]  INFO -- : something wrong with https://imitsu.jp/search/tax-accountant/ and now retrying...
I, [2020-01-10T12:08:06.307297 #58228]  INFO -- : scraping https://imitsu.jp/search/tax-accountant/
I, [2020-01-10T12:08:06.432227 #58228]  INFO -- : something wrong with https://imitsu.jp/search/tax-accountant/ and now retrying...
I, [2020-01-10T12:08:06.432359 #58228]  INFO -- : scraping https://imitsu.jp/cost/tax-accountant/
I, [2020-01-10T12:08:07.444682 #58228]  INFO -- : something wrong with https://imitsu.jp/cost/tax-accountant/ and now retrying...
I, [2020-01-10T12:08:07.444897 #58228]  INFO -- : scraping https://imitsu.jp/cost/tax-accountant/
I, [2020-01-10T12:08:08.381485 #58228]  INFO -- : something wrong with https://imitsu.jp/cost/tax-accountant/ and now retrying...
I, [2020-01-10T12:08:08.381600 #58228]  INFO -- : scraping https://imitsu.jp/cost/tax-accountant/simulator
I, [2020-01-10T12:08:09.408458 #58228]  INFO -- : something wrong with https://imitsu.jp/cost/tax-accountant/simulator and now retrying...
I, [2020-01-10T12:08:09.408666 #58228]  INFO -- : scraping https://imitsu.jp/cost/tax-accountant/simulator
I, [2020-01-10T12:08:09.541316 #58228]  INFO -- : something wrong with https://imitsu.jp/cost/tax-accountant/simulator and now retrying...
I, [2020-01-10T12:08:09.541418 #58228]  INFO -- : scraping https://imitsu.jp/list/tax-accountant/low-price/
I, [2020-01-10T12:08:10.541582 #58228]  INFO -- : something wrong with https://imitsu.jp/list/tax-accountant/low-price/ and now retrying...
I, [2020-01-10T12:08:10.541693 #58228]  INFO -- : scraping https://imitsu.jp/list/tax-accountant/low-price/
I, [2020-01-10T12:08:11.567666 #58228]  INFO -- : something wrong with https://imitsu.jp/list/tax-accountant/low-price/ and now retrying...
I, [2020-01-10T12:08:11.567771 #58228]  INFO -- : scraping https://imitsu.jp/list/tax-accountant/tokyo/
I, [2020-01-10T12:08:12.573631 #58228]  INFO -- : something wrong with https://imitsu.jp/list/tax-accountant/tokyo/ and now retrying...
I, [2020-01-10T12:08:12.573785 #58228]  INFO -- : scraping https://imitsu.jp/list/tax-accountant/tokyo/
I, [2020-01-10T12:08:12.682549 #58228]  INFO -- : something wrong with https://imitsu.jp/list/tax-accountant/tokyo/ and now retrying...
I, [2020-01-10T12:08:12.682680 #58228]  INFO -- : scraping https://imitsu.jp/list/tax-accountant/kanagawa/
I, [2020-01-10T12:08:39.277352 #58517]  INFO -- : scraping https://imitsu.jp/list/hp-design/tax-accountant/
I, [2020-01-10T12:08:39.865121 #58517]  INFO -- : something wrong with https://imitsu.jp/list/hp-design/tax-accountant/ and now retrying...
I, [2020-01-10T12:08:39.865264 #58517]  INFO -- : scraping https://imitsu.jp/list/hp-design/tax-accountant/
I, [2020-01-10T12:08:39.951523 #58517]  INFO -- : something wrong with https://imitsu.jp/list/hp-design/tax-accountant/ and now retrying...
I, [2020-01-10T12:08:39.951664 #58517]  INFO -- : scraping https://imitsu.jp/search/tax-accountant/
I, [2020-01-10T12:08:40.027567 #58517]  INFO -- : something wrong with https://imitsu.jp/search/tax-accountant/ and now retrying...
I, [2020-01-10T12:08:40.027729 #58517]  INFO -- : scraping https://imitsu.jp/search/tax-accountant/
I, [2020-01-10T12:08:40.898917 #58517]  INFO -- : something wrong with https://imitsu.jp/search/tax-accountant/ and now retrying...
I, [2020-01-10T12:08:40.899052 #58517]  INFO -- : scraping https://imitsu.jp/cost/tax-accountant/
I, [2020-01-10T12:08:40.988102 #58517]  INFO -- : something wrong with https://imitsu.jp/cost/tax-accountant/ and now retrying...
I, [2020-01-10T12:08:40.988233 #58517]  INFO -- : scraping https://imitsu.jp/cost/tax-accountant/
I, [2020-01-10T12:08:41.072154 #58517]  INFO -- : something wrong with https://imitsu.jp/cost/tax-accountant/ and now retrying...
I, [2020-01-10T12:08:41.072292 #58517]  INFO -- : scraping https://imitsu.jp/cost/tax-accountant/simulator
I, [2020-01-10T12:08:41.979348 #58517]  INFO -- : something wrong with https://imitsu.jp/cost/tax-accountant/simulator and now retrying...
I, [2020-01-10T12:08:41.979423 #58517]  INFO -- : scraping https://imitsu.jp/cost/tax-accountant/simulator
I, [2020-01-10T12:08:42.065483 #58517]  INFO -- : something wrong with https://imitsu.jp/cost/tax-accountant/simulator and now retrying...
I, [2020-01-10T12:08:42.065611 #58517]  INFO -- : scraping https://imitsu.jp/list/tax-accountant/low-price/
I, [2020-01-10T12:08:42.947998 #58517]  INFO -- : something wrong with https://imitsu.jp/list/tax-accountant/low-price/ and now retrying...
I, [2020-01-10T12:08:42.948082 #58517]  INFO -- : scraping https://imitsu.jp/list/tax-accountant/low-price/
I, [2020-01-10T12:08:43.063751 #58517]  INFO -- : something wrong with https://imitsu.jp/list/tax-accountant/low-price/ and now retrying...
I, [2020-01-10T12:08:43.063826 #58517]  INFO -- : scraping https://imitsu.jp/list/tax-accountant/tokyo/
I, [2020-01-10T12:08:43.148824 #58517]  INFO -- : something wrong with https://imitsu.jp/list/tax-accountant/tokyo/ and now retrying...
I, [2020-01-10T12:08:43.148895 #58517]  INFO -- : scraping https://imitsu.jp/list/tax-accountant/tokyo/
I, [2020-01-10T12:08:44.063710 #58517]  INFO -- : something wrong with https://imitsu.jp/list/tax-accountant/tokyo/ and now retrying...
I, [2020-01-10T12:08:44.063837 #58517]  INFO -- : scraping https://imitsu.jp/list/tax-accountant/kanagawa/
I, [2020-01-10T12:08:44.155955 #58517]  INFO -- : something wrong with https://imitsu.jp/list/tax-accountant/kanagawa/ and now retrying...
I, [2020-01-10T12:08:44.156040 #58517]  INFO -- : scraping https://imitsu.jp/list/tax-accountant/kanagawa/
I, [2020-01-10T12:08:45.048939 #58517]  INFO -- : something wrong with https://imitsu.jp/list/tax-accountant/kanagawa/ and now retrying...
I, [2020-01-10T12:08:45.049056 #58517]  INFO -- : scraping https://imitsu.jp/list/tax-accountant/osaka/
I, [2020-01-10T12:08:45.138259 #58517]  INFO -- : something wrong with https://imitsu.jp/list/tax-accountant/osaka/ and now retrying...
I, [2020-01-10T12:08:45.138331 #58517]  INFO -- : scraping https://imitsu.jp/list/tax-accountant/osaka/
I, [2020-01-10T12:08:45.244849 #58517]  INFO -- : something wrong with https://imitsu.jp/list/tax-accountant/osaka/ and now retrying...
I, [2020-01-10T12:08:45.244932 #58517]  INFO -- : scraping https://imitsu.jp/list/tax-accountant/aichi/
I, [2020-01-10T12:08:46.163558 #58517]  INFO -- : something wrong with https://imitsu.jp/list/tax-accountant/aichi/ and now retrying...
I, [2020-01-10T12:08:46.163661 #58517]  INFO -- : scraping https://imitsu.jp/list/tax-accountant/aichi/
I, [2020-01-10T12:08:46.262994 #58517]  INFO -- : something wrong with https://imitsu.jp/list/tax-accountant/aichi/ and now retrying...
I, [2020-01-10T12:08:46.263095 #58517]  INFO -- : scraping https://imitsu.jp/list/tax-accountant/fukuoka/
I, [2020-01-10T12:08:47.195551 #58517]  INFO -- : something wrong with https://imitsu.jp/list/tax-accountant/fukuoka/ and now retrying...
I, [2020-01-10T12:08:47.195704 #58517]  INFO -- : scraping https://imitsu.jp/list/tax-accountant/fukuoka/
I, [2020-01-10T12:08:47.291087 #58517]  INFO -- : something wrong with https://imitsu.jp/list/tax-accountant/fukuoka/ and now retrying...
I, [2020-01-10T12:08:47.291572 #58517]  INFO -- : scraping https://imitsu.jp/list/tax-accountant/hokkaido/
I, [2020-01-10T12:08:48.183669 #58517]  INFO -- : something wrong with https://imitsu.jp/list/tax-accountant/hokkaido/ and now retrying...
I, [2020-01-10T12:08:48.183745 #58517]  INFO -- : scraping https://imitsu.jp/list/tax-accountant/hokkaido/
I, [2020-01-10T12:08:48.253327 #58517]  INFO -- : something wrong with https://imitsu.jp/list/tax-accountant/hokkaido/ and now retrying...
I, [2020-01-10T12:08:48.253542 #58517]  INFO -- : scraping https://imitsu.jp/list/tax-accountant/aomori/
I, [2020-01-10T12:08:48.324603 #58517]  INFO -- : something wrong with https://imitsu.jp/list/tax-accountant/aomori/ and now retrying...
I, [2020-01-10T12:08:48.324697 #58517]  INFO -- : scraping https://imitsu.jp/list/tax-accountant/aomori/
I, [2020-01-10T12:08:48.399648 #58517]  INFO -- : something wrong with https://imitsu.jp/list/tax-accountant/aomori/ and now retrying...
I, [2020-01-10T12:08:48.399727 #58517]  INFO -- : scraping https://imitsu.jp/list/tax-accountant/akita/
I, [2020-01-10T12:08:49.266942 #58517]  INFO -- : something wrong with https://imitsu.jp/list/tax-accountant/akita/ and now retrying...
I, [2020-01-10T12:08:49.267098 #58517]  INFO -- : scraping https://imitsu.jp/list/tax-accountant/akita/
I, [2020-01-10T12:08:49.369889 #58517]  INFO -- : something wrong with https://imitsu.jp/list/tax-accountant/akita/ and now retrying...
I, [2020-01-10T12:08:49.369963 #58517]  INFO -- : scraping https://imitsu.jp/list/tax-accountant/yamagata/
I, [2020-01-10T12:08:49.450989 #58517]  INFO -- : something wrong with https://imitsu.jp/list/tax-accountant/yamagata/ and now retrying...
I, [2020-01-10T12:08:49.451066 #58517]  INFO -- : scraping https://imitsu.jp/list/tax-accountant/yamagata/
I, [2020-01-10T12:08:50.360325 #58517]  INFO -- : something wrong with https://imitsu.jp/list/tax-accountant/yamagata/ and now retrying...
I, [2020-01-10T12:08:50.360457 #58517]  INFO -- : scraping https://imitsu.jp/list/tax-accountant/iwate/
I, [2020-01-10T12:08:50.422662 #58517]  INFO -- : something wrong with https://imitsu.jp/list/tax-accountant/iwate/ and now retrying...
I, [2020-01-10T12:08:50.422762 #58517]  INFO -- : scraping https://imitsu.jp/list/tax-accountant/iwate/
I, [2020-01-10T12:08:50.478695 #58517]  INFO -- : something wrong with https://imitsu.jp/list/tax-accountant/iwate/ and now retrying...
I, [2020-01-10T12:08:50.478824 #58517]  INFO -- : scraping https://imitsu.jp/list/tax-accountant/miyagi/
I, [2020-01-10T12:08:51.366521 #58517]  INFO -- : something wrong with https://imitsu.jp/list/tax-accountant/miyagi/ and now retrying...
I, [2020-01-10T12:08:51.366676 #58517]  INFO -- : scraping https://imitsu.jp/list/tax-accountant/miyagi/
I, [2020-01-10T12:08:51.444085 #58517]  INFO -- : something wrong with https://imitsu.jp/list/tax-accountant/miyagi/ and now retrying...
I, [2020-01-10T12:08:51.444221 #58517]  INFO -- : scraping https://imitsu.jp/list/tax-accountant/fukushima/
I, [2020-01-10T12:08:51.529907 #58517]  INFO -- : something wrong with https://imitsu.jp/list/tax-accountant/fukushima/ and now retrying...
I, [2020-01-10T12:08:51.529997 #58517]  INFO -- : scraping https://imitsu.jp/list/tax-accountant/fukushima/
I, [2020-01-10T12:08:53.421264 #58517]  INFO -- : something wrong with https://imitsu.jp/list/tax-accountant/fukushima/ and now retrying...
I, [2020-01-10T12:08:53.422806 #58517]  INFO -- : scraping https://imitsu.jp/list/tax-accountant/saitama/
I, [2020-01-10T12:08:53.492108 #58517]  INFO -- : something wrong with https://imitsu.jp/list/tax-accountant/saitama/ and now retrying...
I, [2020-01-10T12:08:53.492200 #58517]  INFO -- : scraping https://imitsu.jp/list/tax-accountant/saitama/
I, [2020-01-10T12:08:53.557690 #58517]  INFO -- : something wrong with https://imitsu.jp/list/tax-accountant/saitama/ and now retrying...
I, [2020-01-10T12:08:53.557770 #58517]  INFO -- : scraping https://imitsu.jp/list/tax-accountant/chiba/
I, [2020-01-10T12:08:53.626978 #58517]  INFO -- : something wrong with https://imitsu.jp/list/tax-accountant/chiba/ and now retrying...
I, [2020-01-10T12:08:53.627107 #58517]  INFO -- : scraping https://imitsu.jp/list/tax-accountant/chiba/
I, [2020-01-10T12:08:54.586227 #58517]  INFO -- : something wrong with https://imitsu.jp/list/tax-accountant/chiba/ and now retrying...
I, [2020-01-10T12:08:54.586396 #58517]  INFO -- : scraping https://imitsu.jp/list/tax-accountant/tochigi/
I, [2020-01-10T12:08:54.684203 #58517]  INFO -- : something wrong with https://imitsu.jp/list/tax-accountant/tochigi/ and now retrying...
I, [2020-01-10T12:08:54.684350 #58517]  INFO -- : scraping https://imitsu.jp/list/tax-accountant/tochigi/
I, [2020-01-10T12:08:55.731283 #58517]  INFO -- : something wrong with https://imitsu.jp/list/tax-accountant/tochigi/ and now retrying...
I, [2020-01-10T12:08:55.731365 #58517]  INFO -- : scraping https://imitsu.jp/list/tax-accountant/ibaraki/
I, [2020-01-10T12:08:56.660553 #58517]  INFO -- : something wrong with https://imitsu.jp/list/tax-accountant/ibaraki/ and now retrying...
I, [2020-01-10T12:08:56.660656 #58517]  INFO -- : scraping https://imitsu.jp/list/tax-accountant/ibaraki/
I, [2020-01-10T12:08:56.745652 #58517]  INFO -- : something wrong with https://imitsu.jp/list/tax-accountant/ibaraki/ and now retrying...
I, [2020-01-10T12:08:56.745733 #58517]  INFO -- : scraping https://imitsu.jp/list/tax-accountant/gumma/
I, [2020-01-10T12:08:57.613653 #58517]  INFO -- : something wrong with https://imitsu.jp/list/tax-accountant/gumma/ and now retrying...
I, [2020-01-10T12:08:57.613744 #58517]  INFO -- : scraping https://imitsu.jp/list/tax-accountant/gumma/
I, [2020-01-10T12:08:57.666004 #58517]  INFO -- : something wrong with https://imitsu.jp/list/tax-accountant/gumma/ and now retrying...
I, [2020-01-10T12:08:57.666083 #58517]  INFO -- : scraping https://imitsu.jp/list/tax-accountant/gifu/
I, [2020-01-10T12:08:57.747859 #58517]  INFO -- : something wrong with https://imitsu.jp/list/tax-accountant/gifu/ and now retrying...
I, [2020-01-10T12:08:57.747931 #58517]  INFO -- : scraping https://imitsu.jp/list/tax-accountant/gifu/
I, [2020-01-10T12:08:57.808581 #58517]  INFO -- : something wrong with https://imitsu.jp/list/tax-accountant/gifu/ and now retrying...
I, [2020-01-10T12:08:57.808647 #58517]  INFO -- : scraping https://imitsu.jp/list/tax-accountant/shizuoka/
I, [2020-01-10T12:08:58.741901 #58517]  INFO -- : something wrong with https://imitsu.jp/list/tax-accountant/shizuoka/ and now retrying...
I, [2020-01-10T12:08:58.742025 #58517]  INFO -- : scraping https://imitsu.jp/list/tax-accountant/shizuoka/
I, [2020-01-10T12:08:58.815419 #58517]  INFO -- : something wrong with https://imitsu.jp/list/tax-accountant/shizuoka/ and now retrying...
I, [2020-01-10T12:08:58.815499 #58517]  INFO -- : scraping https://imitsu.jp/list/tax-accountant/mie/
I, [2020-01-10T12:08:58.884349 #58517]  INFO -- : something wrong with https://imitsu.jp/list/tax-accountant/mie/ and now retrying...
I, [2020-01-10T12:08:58.884477 #58517]  INFO -- : scraping https://imitsu.jp/list/tax-accountant/mie/
I, [2020-01-10T12:10:12.657728 #58872]  INFO -- : scraping https://imitsu.jp/list/hp-design/tax-accountant/
I, [2020-01-10T12:10:13.303247 #58872]  INFO -- : something wrong with https://imitsu.jp/list/hp-design/tax-accountant/ and now retrying...
I, [2020-01-10T12:10:13.303320 #58872]  INFO -- : scraping https://imitsu.jp/list/hp-design/tax-accountant/
I, [2020-01-10T12:10:14.279286 #58872]  INFO -- : something wrong with https://imitsu.jp/list/hp-design/tax-accountant/ and now retrying...
I, [2020-01-10T12:10:14.279396 #58872]  INFO -- : scraping https://imitsu.jp/search/tax-accountant/
I, [2020-01-10T12:10:15.217649 #58872]  INFO -- : something wrong with https://imitsu.jp/search/tax-accountant/ and now retrying...
I, [2020-01-10T12:10:15.217778 #58872]  INFO -- : scraping https://imitsu.jp/search/tax-accountant/
I, [2020-01-10T12:10:15.303003 #58872]  INFO -- : something wrong with https://imitsu.jp/search/tax-accountant/ and now retrying...
I, [2020-01-10T12:10:15.303078 #58872]  INFO -- : scraping https://imitsu.jp/cost/tax-accountant/
I, [2020-01-10T12:10:15.403437 #58872]  INFO -- : something wrong with https://imitsu.jp/cost/tax-accountant/ and now retrying...
I, [2020-01-10T12:10:15.403554 #58872]  INFO -- : scraping https://imitsu.jp/cost/tax-accountant/
I, [2020-01-10T12:10:16.321646 #58872]  INFO -- : something wrong with https://imitsu.jp/cost/tax-accountant/ and now retrying...
I, [2020-01-10T12:10:16.321723 #58872]  INFO -- : scraping https://imitsu.jp/cost/tax-accountant/simulator
I, [2020-01-10T12:10:16.469935 #58872]  INFO -- : something wrong with https://imitsu.jp/cost/tax-accountant/simulator and now retrying...
I, [2020-01-10T12:10:16.470058 #58872]  INFO -- : scraping https://imitsu.jp/cost/tax-accountant/simulator
I, [2020-01-10T12:10:17.410850 #58872]  INFO -- : something wrong with https://imitsu.jp/cost/tax-accountant/simulator and now retrying...
I, [2020-01-10T12:10:17.410977 #58872]  INFO -- : scraping https://imitsu.jp/list/tax-accountant/low-price/
I, [2020-01-10T12:10:17.519715 #58872]  INFO -- : something wrong with https://imitsu.jp/list/tax-accountant/low-price/ and now retrying...
I, [2020-01-10T12:10:17.519815 #58872]  INFO -- : scraping https://imitsu.jp/list/tax-accountant/low-price/
I, [2020-01-10T12:10:18.422765 #58872]  INFO -- : something wrong with https://imitsu.jp/list/tax-accountant/low-price/ and now retrying...
I, [2020-01-10T12:10:18.423053 #58872]  INFO -- : scraping https://imitsu.jp/list/tax-accountant/tokyo/
I, [2020-01-10T12:10:18.511515 #58872]  INFO -- : something wrong with https://imitsu.jp/list/tax-accountant/tokyo/ and now retrying...
I, [2020-01-10T12:10:18.511633 #58872]  INFO -- : scraping https://imitsu.jp/list/tax-accountant/tokyo/
I, [2020-01-10T12:10:18.586032 #58872]  INFO -- : something wrong with https://imitsu.jp/list/tax-accountant/tokyo/ and now retrying...
I, [2020-01-10T12:10:18.586108 #58872]  INFO -- : scraping https://imitsu.jp/list/tax-accountant/kanagawa/
I, [2020-01-10T12:10:19.489577 #58872]  INFO -- : something wrong with https://imitsu.jp/list/tax-accountant/kanagawa/ and now retrying...
I, [2020-01-10T12:10:19.490061 #58872]  INFO -- : scraping https://imitsu.jp/list/tax-accountant/kanagawa/
I, [2020-01-10T12:10:19.613164 #58872]  INFO -- : something wrong with https://imitsu.jp/list/tax-accountant/kanagawa/ and now retrying...
I, [2020-01-10T12:10:19.613256 #58872]  INFO -- : scraping https://imitsu.jp/list/tax-accountant/osaka/
I, [2020-01-10T12:10:21.560874 #58872]  INFO -- : something wrong with https://imitsu.jp/list/tax-accountant/osaka/ and now retrying...
I, [2020-01-10T12:10:21.560966 #58872]  INFO -- : scraping https://imitsu.jp/list/tax-accountant/osaka/
I, [2020-01-10T12:10:21.656702 #58872]  INFO -- : something wrong with https://imitsu.jp/list/tax-accountant/osaka/ and now retrying...
I, [2020-01-10T12:10:21.656776 #58872]  INFO -- : scraping https://imitsu.jp/list/tax-accountant/aichi/
I, [2020-01-10T12:10:23.590097 #58926]  INFO -- : scraping https://imitsu.jp/list/hp-design/tax-accountant/
I, [2020-01-10T12:10:23.776824 #58926]  INFO -- : something wrong with https://imitsu.jp/list/hp-design/tax-accountant/ and now retrying...
I, [2020-01-10T12:10:23.776900 #58926]  INFO -- : scraping https://imitsu.jp/list/hp-design/tax-accountant/
I, [2020-01-10T12:10:24.672392 #58926]  INFO -- : something wrong with https://imitsu.jp/list/hp-design/tax-accountant/ and now retrying...
I, [2020-01-10T12:10:24.672510 #58926]  INFO -- : scraping https://imitsu.jp/search/tax-accountant/
I, [2020-01-10T12:10:24.764152 #58926]  INFO -- : something wrong with https://imitsu.jp/search/tax-accountant/ and now retrying...
I, [2020-01-10T12:10:24.764305 #58926]  INFO -- : scraping https://imitsu.jp/search/tax-accountant/
I, [2020-01-10T12:10:24.847028 #58926]  INFO -- : something wrong with https://imitsu.jp/search/tax-accountant/ and now retrying...
I, [2020-01-10T12:10:24.847105 #58926]  INFO -- : scraping https://imitsu.jp/cost/tax-accountant/
I, [2020-01-10T12:10:25.753578 #58926]  INFO -- : something wrong with https://imitsu.jp/cost/tax-accountant/ and now retrying...
I, [2020-01-10T12:10:25.753761 #58926]  INFO -- : scraping https://imitsu.jp/cost/tax-accountant/
I, [2020-01-10T12:10:25.857311 #58926]  INFO -- : something wrong with https://imitsu.jp/cost/tax-accountant/ and now retrying...
I, [2020-01-10T12:10:25.857407 #58926]  INFO -- : scraping https://imitsu.jp/cost/tax-accountant/simulator
I, [2020-01-10T12:10:26.772484 #58926]  INFO -- : something wrong with https://imitsu.jp/cost/tax-accountant/simulator and now retrying...
I, [2020-01-10T12:10:26.772582 #58926]  INFO -- : scraping https://imitsu.jp/cost/tax-accountant/simulator
I, [2020-01-10T12:10:26.847674 #58926]  INFO -- : something wrong with https://imitsu.jp/cost/tax-accountant/simulator and now retrying...
I, [2020-01-10T12:10:26.847809 #58926]  INFO -- : scraping https://imitsu.jp/list/tax-accountant/low-price/
I, [2020-01-10T12:10:26.923687 #58926]  INFO -- : something wrong with https://imitsu.jp/list/tax-accountant/low-price/ and now retrying...
I, [2020-01-10T12:10:26.923826 #58926]  INFO -- : scraping https://imitsu.jp/list/tax-accountant/low-price/
I, [2020-01-10T12:10:27.795221 #58926]  INFO -- : something wrong with https://imitsu.jp/list/tax-accountant/low-price/ and now retrying...
I, [2020-01-10T12:10:27.795342 #58926]  INFO -- : scraping https://imitsu.jp/list/tax-accountant/tokyo/
I, [2020-01-10T12:10:28.009646 #58926]  INFO -- : something wrong with https://imitsu.jp/list/tax-accountant/tokyo/ and now retrying...
I, [2020-01-10T12:10:28.009733 #58926]  INFO -- : scraping https://imitsu.jp/list/tax-accountant/tokyo/
I, [2020-01-10T12:10:28.948181 #58926]  INFO -- : something wrong with https://imitsu.jp/list/tax-accountant/tokyo/ and now retrying...
I, [2020-01-10T12:10:28.948288 #58926]  INFO -- : scraping https://imitsu.jp/list/tax-accountant/kanagawa/
I, [2020-01-10T12:10:29.081082 #58926]  INFO -- : something wrong with https://imitsu.jp/list/tax-accountant/kanagawa/ and now retrying...
I, [2020-01-10T12:10:29.081157 #58926]  INFO -- : scraping https://imitsu.jp/list/tax-accountant/kanagawa/
I, [2020-01-10T12:10:29.959026 #58926]  INFO -- : something wrong with https://imitsu.jp/list/tax-accountant/kanagawa/ and now retrying...
I, [2020-01-10T12:10:29.959150 #58926]  INFO -- : scraping https://imitsu.jp/list/tax-accountant/osaka/
I, [2020-01-10T12:10:30.052781 #58926]  INFO -- : something wrong with https://imitsu.jp/list/tax-accountant/osaka/ and now retrying...
I, [2020-01-10T12:10:30.052904 #58926]  INFO -- : scraping https://imitsu.jp/list/tax-accountant/osaka/
I, [2020-01-10T12:10:30.940461 #58926]  INFO -- : something wrong with https://imitsu.jp/list/tax-accountant/osaka/ and now retrying...
I, [2020-01-10T12:10:30.940536 #58926]  INFO -- : scraping https://imitsu.jp/list/tax-accountant/aichi/
I, [2020-01-10T12:10:31.023020 #58926]  INFO -- : something wrong with https://imitsu.jp/list/tax-accountant/aichi/ and now retrying...
I, [2020-01-10T12:10:31.023127 #58926]  INFO -- : scraping https://imitsu.jp/list/tax-accountant/aichi/
I, [2020-01-10T12:10:31.137322 #58926]  INFO -- : something wrong with https://imitsu.jp/list/tax-accountant/aichi/ and now retrying...
I, [2020-01-10T12:10:31.137439 #58926]  INFO -- : scraping https://imitsu.jp/list/tax-accountant/fukuoka/
I, [2020-01-10T12:10:32.059399 #58926]  INFO -- : something wrong with https://imitsu.jp/list/tax-accountant/fukuoka/ and now retrying...
I, [2020-01-10T12:10:32.059511 #58926]  INFO -- : scraping https://imitsu.jp/list/tax-accountant/fukuoka/
I, [2020-01-10T12:10:32.148665 #58926]  INFO -- : something wrong with https://imitsu.jp/list/tax-accountant/fukuoka/ and now retrying...
I, [2020-01-10T12:10:32.148767 #58926]  INFO -- : scraping https://imitsu.jp/list/tax-accountant/hokkaido/
I, [2020-01-10T12:10:33.066714 #58926]  INFO -- : something wrong with https://imitsu.jp/list/tax-accountant/hokkaido/ and now retrying...
I, [2020-01-10T12:10:33.066821 #58926]  INFO -- : scraping https://imitsu.jp/list/tax-accountant/hokkaido/
I, [2020-01-10T12:10:33.135465 #58926]  INFO -- : something wrong with https://imitsu.jp/list/tax-accountant/hokkaido/ and now retrying...
I, [2020-01-10T12:10:33.135555 #58926]  INFO -- : scraping https://imitsu.jp/list/tax-accountant/aomori/
I, [2020-01-10T12:10:33.230178 #58926]  INFO -- : something wrong with https://imitsu.jp/list/tax-accountant/aomori/ and now retrying...
I, [2020-01-10T12:10:33.230454 #58926]  INFO -- : scraping https://imitsu.jp/list/tax-accountant/aomori/
I, [2020-01-10T12:10:34.130446 #58926]  INFO -- : something wrong with https://imitsu.jp/list/tax-accountant/aomori/ and now retrying...
I, [2020-01-10T12:10:34.130907 #58926]  INFO -- : scraping https://imitsu.jp/list/tax-accountant/akita/
I, [2020-01-10T12:10:34.245752 #58926]  INFO -- : something wrong with https://imitsu.jp/list/tax-accountant/akita/ and now retrying...
I, [2020-01-10T12:10:34.245835 #58926]  INFO -- : scraping https://imitsu.jp/list/tax-accountant/akita/
I, [2020-01-10T12:10:36.206743 #58978]  INFO -- : scraping https://imitsu.jp/list/hp-design/tax-accountant/
I, [2020-01-10T12:10:36.345108 #58978]  INFO -- : something wrong with https://imitsu.jp/list/hp-design/tax-accountant/ and now retrying...
I, [2020-01-10T12:10:36.345209 #58978]  INFO -- : scraping https://imitsu.jp/list/hp-design/tax-accountant/
I, [2020-01-10T12:10:37.250851 #58978]  INFO -- : something wrong with https://imitsu.jp/list/hp-design/tax-accountant/ and now retrying...
I, [2020-01-10T12:10:37.251216 #58978]  INFO -- : scraping https://imitsu.jp/search/tax-accountant/
I, [2020-01-10T12:10:37.333269 #58978]  INFO -- : something wrong with https://imitsu.jp/search/tax-accountant/ and now retrying...
I, [2020-01-10T12:10:37.333368 #58978]  INFO -- : scraping https://imitsu.jp/search/tax-accountant/
I, [2020-01-10T12:10:37.411352 #58978]  INFO -- : something wrong with https://imitsu.jp/search/tax-accountant/ and now retrying...
I, [2020-01-10T12:10:37.411430 #58978]  INFO -- : scraping https://imitsu.jp/cost/tax-accountant/
I, [2020-01-10T12:10:38.295899 #58978]  INFO -- : something wrong with https://imitsu.jp/cost/tax-accountant/ and now retrying...
I, [2020-01-10T12:10:38.296027 #58978]  INFO -- : scraping https://imitsu.jp/cost/tax-accountant/
I, [2020-01-10T12:10:38.383174 #58978]  INFO -- : something wrong with https://imitsu.jp/cost/tax-accountant/ and now retrying...
I, [2020-01-10T12:10:38.383281 #58978]  INFO -- : scraping https://imitsu.jp/cost/tax-accountant/simulator
I, [2020-01-10T12:10:54.775791 #59075]  INFO -- : scraping https://imitsu.jp/list/hp-design/tax-accountant/
I, [2020-01-10T12:10:55.169159 #59075]  INFO -- : something wrong with https://imitsu.jp/list/hp-design/tax-accountant/ and now retrying...
I, [2020-01-10T12:10:55.169313 #59075]  INFO -- : scraping https://imitsu.jp/list/hp-design/tax-accountant/
I, [2020-01-10T12:10:55.293287 #59075]  INFO -- : something wrong with https://imitsu.jp/list/hp-design/tax-accountant/ and now retrying...
I, [2020-01-10T12:10:55.293490 #59075]  INFO -- : scraping https://imitsu.jp/search/tax-accountant/
I, [2020-01-10T12:10:56.170100 #59075]  INFO -- : something wrong with https://imitsu.jp/search/tax-accountant/ and now retrying...
I, [2020-01-10T12:10:56.170180 #59075]  INFO -- : scraping https://imitsu.jp/search/tax-accountant/
I, [2020-01-10T12:10:56.259389 #59075]  INFO -- : something wrong with https://imitsu.jp/search/tax-accountant/ and now retrying...
I, [2020-01-10T12:10:56.259491 #59075]  INFO -- : scraping https://imitsu.jp/cost/tax-accountant/
I, [2020-01-10T12:10:57.164728 #59075]  INFO -- : something wrong with https://imitsu.jp/cost/tax-accountant/ and now retrying...
I, [2020-01-10T12:10:57.165005 #59075]  INFO -- : scraping https://imitsu.jp/cost/tax-accountant/
I, [2020-01-10T12:10:57.336559 #59075]  INFO -- : something wrong with https://imitsu.jp/cost/tax-accountant/ and now retrying...
I, [2020-01-10T12:10:57.336703 #59075]  INFO -- : scraping https://imitsu.jp/cost/tax-accountant/simulator
I, [2020-01-10T12:10:58.269950 #59075]  INFO -- : something wrong with https://imitsu.jp/cost/tax-accountant/simulator and now retrying...
I, [2020-01-10T12:10:58.270049 #59075]  INFO -- : scraping https://imitsu.jp/cost/tax-accountant/simulator
I, [2020-01-10T12:10:58.351666 #59075]  INFO -- : something wrong with https://imitsu.jp/cost/tax-accountant/simulator and now retrying...
I, [2020-01-10T12:10:58.351751 #59075]  INFO -- : scraping https://imitsu.jp/list/tax-accountant/low-price/
I, [2020-01-10T12:10:58.434346 #59075]  INFO -- : something wrong with https://imitsu.jp/list/tax-accountant/low-price/ and now retrying...
I, [2020-01-10T12:10:58.434441 #59075]  INFO -- : scraping https://imitsu.jp/list/tax-accountant/low-price/
I, [2020-01-10T12:10:59.324173 #59075]  INFO -- : something wrong with https://imitsu.jp/list/tax-accountant/low-price/ and now retrying...
I, [2020-01-10T12:10:59.324243 #59075]  INFO -- : scraping https://imitsu.jp/list/tax-accountant/tokyo/
I, [2020-01-10T12:10:59.407600 #59075]  INFO -- : something wrong with https://imitsu.jp/list/tax-accountant/tokyo/ and now retrying...
I, [2020-01-10T12:10:59.407671 #59075]  INFO -- : scraping https://imitsu.jp/list/tax-accountant/tokyo/
I, [2020-01-10T12:10:59.487793 #59075]  INFO -- : something wrong with https://imitsu.jp/list/tax-accountant/tokyo/ and now retrying...
I, [2020-01-10T12:10:59.487886 #59075]  INFO -- : scraping https://imitsu.jp/list/tax-accountant/kanagawa/
I, [2020-01-10T12:11:00.510784 #59075]  INFO -- : something wrong with https://imitsu.jp/list/tax-accountant/kanagawa/ and now retrying...
I, [2020-01-10T12:11:00.510918 #59075]  INFO -- : scraping https://imitsu.jp/list/tax-accountant/kanagawa/
I, [2020-01-10T12:11:01.472842 #59075]  INFO -- : something wrong with https://imitsu.jp/list/tax-accountant/kanagawa/ and now retrying...
I, [2020-01-10T12:11:01.472983 #59075]  INFO -- : scraping https://imitsu.jp/list/tax-accountant/osaka/
I, [2020-01-10T12:11:02.455708 #59075]  INFO -- : something wrong with https://imitsu.jp/list/tax-accountant/osaka/ and now retrying...
I, [2020-01-10T12:11:02.457343 #59075]  INFO -- : scraping https://imitsu.jp/list/tax-accountant/osaka/
I, [2020-01-10T12:11:02.563576 #59075]  INFO -- : something wrong with https://imitsu.jp/list/tax-accountant/osaka/ and now retrying...
I, [2020-01-10T12:11:02.563709 #59075]  INFO -- : scraping https://imitsu.jp/list/tax-accountant/aichi/
I, [2020-01-10T12:11:03.474836 #59075]  INFO -- : something wrong with https://imitsu.jp/list/tax-accountant/aichi/ and now retrying...
I, [2020-01-10T12:11:03.474911 #59075]  INFO -- : scraping https://imitsu.jp/list/tax-accountant/aichi/
I, [2020-01-10T12:11:03.581586 #59075]  INFO -- : something wrong with https://imitsu.jp/list/tax-accountant/aichi/ and now retrying...
I, [2020-01-10T12:11:03.581740 #59075]  INFO -- : scraping https://imitsu.jp/list/tax-accountant/fukuoka/
I, [2020-01-10T12:11:03.673987 #59075]  INFO -- : something wrong with https://imitsu.jp/list/tax-accountant/fukuoka/ and now retrying...
I, [2020-01-10T12:11:03.674120 #59075]  INFO -- : scraping https://imitsu.jp/list/tax-accountant/fukuoka/
I, [2020-01-10T12:11:04.562380 #59075]  INFO -- : something wrong with https://imitsu.jp/list/tax-accountant/fukuoka/ and now retrying...
I, [2020-01-10T12:11:04.562554 #59075]  INFO -- : scraping https://imitsu.jp/list/tax-accountant/hokkaido/
I, [2020-01-10T12:11:04.665966 #59075]  INFO -- : something wrong with https://imitsu.jp/list/tax-accountant/hokkaido/ and now retrying...
I, [2020-01-10T12:11:04.666232 #59075]  INFO -- : scraping https://imitsu.jp/list/tax-accountant/hokkaido/
I, [2020-01-10T12:11:21.591751 #59149]  INFO -- : scraping https://imitsu.jp/list/hp-design/tax-accountant/
I, [2020-01-10T12:11:22.383939 #59149]  INFO -- : something wrong with https://imitsu.jp/list/hp-design/tax-accountant/ and now retrying...
I, [2020-01-10T12:11:22.384193 #59149]  INFO -- : scraping https://imitsu.jp/list/hp-design/tax-accountant/
I, [2020-01-10T12:11:22.501598 #59149]  INFO -- : something wrong with https://imitsu.jp/list/hp-design/tax-accountant/ and now retrying...
I, [2020-01-10T12:11:22.501672 #59149]  INFO -- : scraping https://imitsu.jp/search/tax-accountant/
I, [2020-01-10T12:11:23.411844 #59149]  INFO -- : something wrong with https://imitsu.jp/search/tax-accountant/ and now retrying...
I, [2020-01-10T12:11:23.411985 #59149]  INFO -- : scraping https://imitsu.jp/search/tax-accountant/
I, [2020-01-10T12:11:23.555535 #59149]  INFO -- : something wrong with https://imitsu.jp/search/tax-accountant/ and now retrying...
I, [2020-01-10T12:11:23.555652 #59149]  INFO -- : scraping https://imitsu.jp/cost/tax-accountant/
I, [2020-01-10T12:11:24.448415 #59149]  INFO -- : something wrong with https://imitsu.jp/cost/tax-accountant/ and now retrying...
I, [2020-01-10T12:11:24.448500 #59149]  INFO -- : scraping https://imitsu.jp/cost/tax-accountant/
I, [2020-01-10T12:11:24.534305 #59149]  INFO -- : something wrong with https://imitsu.jp/cost/tax-accountant/ and now retrying...
I, [2020-01-10T12:11:24.534430 #59149]  INFO -- : scraping https://imitsu.jp/cost/tax-accountant/simulator
I, [2020-01-10T12:11:24.641246 #59149]  INFO -- : something wrong with https://imitsu.jp/cost/tax-accountant/simulator and now retrying...
I, [2020-01-10T12:11:24.641328 #59149]  INFO -- : scraping https://imitsu.jp/cost/tax-accountant/simulator
I, [2020-01-10T12:12:12.574469 #59539]  INFO -- : scraping https://imitsu.jp/list/hp-design/tax-accountant/
I, [2020-01-10T12:12:12.890494 #59539]  INFO -- : something wrong with https://imitsu.jp/list/hp-design/tax-accountant/ and now retrying...
I, [2020-01-10T12:12:12.890586 #59539]  INFO -- : scraping https://imitsu.jp/list/hp-design/tax-accountant/
I, [2020-01-10T12:12:13.768683 #59539]  INFO -- : something wrong with https://imitsu.jp/list/hp-design/tax-accountant/ and now retrying...
I, [2020-01-10T12:12:13.768903 #59539]  INFO -- : scraping https://imitsu.jp/search/tax-accountant/
I, [2020-01-10T12:12:13.871174 #59539]  INFO -- : something wrong with https://imitsu.jp/search/tax-accountant/ and now retrying...
I, [2020-01-10T12:12:13.871402 #59539]  INFO -- : scraping https://imitsu.jp/search/tax-accountant/
I, [2020-01-10T12:12:14.751711 #59539]  INFO -- : something wrong with https://imitsu.jp/search/tax-accountant/ and now retrying...
I, [2020-01-10T12:12:14.751791 #59539]  INFO -- : scraping https://imitsu.jp/cost/tax-accountant/
I, [2020-01-10T12:12:14.854109 #59539]  INFO -- : something wrong with https://imitsu.jp/cost/tax-accountant/ and now retrying...
I, [2020-01-10T12:12:14.854208 #59539]  INFO -- : scraping https://imitsu.jp/cost/tax-accountant/
I, [2020-01-10T12:12:14.956785 #59539]  INFO -- : something wrong with https://imitsu.jp/cost/tax-accountant/ and now retrying...
I, [2020-01-10T12:12:14.956851 #59539]  INFO -- : scraping https://imitsu.jp/cost/tax-accountant/simulator
I, [2020-01-10T12:12:15.859047 #59539]  INFO -- : something wrong with https://imitsu.jp/cost/tax-accountant/simulator and now retrying...
I, [2020-01-10T12:12:15.859134 #59539]  INFO -- : scraping https://imitsu.jp/cost/tax-accountant/simulator
I, [2020-01-10T12:12:15.945227 #59539]  INFO -- : something wrong with https://imitsu.jp/cost/tax-accountant/simulator and now retrying...
I, [2020-01-10T12:12:15.945295 #59539]  INFO -- : scraping https://imitsu.jp/list/tax-accountant/low-price/
I, [2020-01-10T12:12:16.041810 #59539]  INFO -- : something wrong with https://imitsu.jp/list/tax-accountant/low-price/ and now retrying...
I, [2020-01-10T12:12:16.041906 #59539]  INFO -- : scraping https://imitsu.jp/list/tax-accountant/low-price/
I, [2020-01-10T12:12:16.947327 #59539]  INFO -- : something wrong with https://imitsu.jp/list/tax-accountant/low-price/ and now retrying...
I, [2020-01-10T12:12:16.947391 #59539]  INFO -- : scraping https://imitsu.jp/list/tax-accountant/tokyo/
I, [2020-01-10T12:12:17.929882 #59539]  INFO -- : something wrong with https://imitsu.jp/list/tax-accountant/tokyo/ and now retrying...
I, [2020-01-10T12:12:17.930028 #59539]  INFO -- : scraping https://imitsu.jp/list/tax-accountant/tokyo/
I, [2020-01-10T12:12:18.018591 #59539]  INFO -- : something wrong with https://imitsu.jp/list/tax-accountant/tokyo/ and now retrying...
I, [2020-01-10T12:12:18.018797 #59539]  INFO -- : scraping https://imitsu.jp/list/tax-accountant/kanagawa/
I, [2020-01-10T12:12:18.101513 #59539]  INFO -- : something wrong with https://imitsu.jp/list/tax-accountant/kanagawa/ and now retrying...
I, [2020-01-10T12:12:18.101633 #59539]  INFO -- : scraping https://imitsu.jp/list/tax-accountant/kanagawa/
I, [2020-01-10T12:12:19.061178 #59539]  INFO -- : something wrong with https://imitsu.jp/list/tax-accountant/kanagawa/ and now retrying...
I, [2020-01-10T12:12:19.061290 #59539]  INFO -- : scraping https://imitsu.jp/list/tax-accountant/osaka/
I, [2020-01-10T12:12:19.170810 #59539]  INFO -- : something wrong with https://imitsu.jp/list/tax-accountant/osaka/ and now retrying...
I, [2020-01-10T12:12:19.170954 #59539]  INFO -- : scraping https://imitsu.jp/list/tax-accountant/osaka/
I, [2020-01-10T12:12:20.101738 #59539]  INFO -- : something wrong with https://imitsu.jp/list/tax-accountant/osaka/ and now retrying...
I, [2020-01-10T12:12:20.101854 #59539]  INFO -- : scraping https://imitsu.jp/list/tax-accountant/aichi/
I, [2020-01-10T12:12:20.219593 #59539]  INFO -- : something wrong with https://imitsu.jp/list/tax-accountant/aichi/ and now retrying...
I, [2020-01-10T12:12:20.219740 #59539]  INFO -- : scraping https://imitsu.jp/list/tax-accountant/aichi/
I, [2020-01-10T12:12:21.140255 #59539]  INFO -- : something wrong with https://imitsu.jp/list/tax-accountant/aichi/ and now retrying...
I, [2020-01-10T12:12:21.140385 #59539]  INFO -- : scraping https://imitsu.jp/list/tax-accountant/fukuoka/
I, [2020-01-10T12:12:21.250529 #59539]  INFO -- : something wrong with https://imitsu.jp/list/tax-accountant/fukuoka/ and now retrying...
I, [2020-01-10T12:12:21.250650 #59539]  INFO -- : scraping https://imitsu.jp/list/tax-accountant/fukuoka/
I, [2020-01-10T12:12:22.252096 #59539]  INFO -- : something wrong with https://imitsu.jp/list/tax-accountant/fukuoka/ and now retrying...
I, [2020-01-10T12:12:22.252164 #59539]  INFO -- : scraping https://imitsu.jp/list/tax-accountant/hokkaido/
I, [2020-01-10T12:12:22.330430 #59539]  INFO -- : something wrong with https://imitsu.jp/list/tax-accountant/hokkaido/ and now retrying...
I, [2020-01-10T12:12:22.330524 #59539]  INFO -- : scraping https://imitsu.jp/list/tax-accountant/hokkaido/
I, [2020-01-10T12:12:23.211200 #59539]  INFO -- : something wrong with https://imitsu.jp/list/tax-accountant/hokkaido/ and now retrying...
I, [2020-01-10T12:12:23.211296 #59539]  INFO -- : scraping https://imitsu.jp/list/tax-accountant/aomori/
I, [2020-01-10T12:12:23.300685 #59539]  INFO -- : something wrong with https://imitsu.jp/list/tax-accountant/aomori/ and now retrying...
I, [2020-01-10T12:12:23.300834 #59539]  INFO -- : scraping https://imitsu.jp/list/tax-accountant/aomori/
I, [2020-01-10T12:12:32.715984 #59601]  INFO -- : scraping https://imitsu.jp/list/hp-design/tax-accountant/
I, [2020-01-10T12:12:33.656291 #59601]  INFO -- : something wrong with https://imitsu.jp/list/hp-design/tax-accountant/ and now retrying...
I, [2020-01-10T12:12:33.656379 #59601]  INFO -- : scraping https://imitsu.jp/list/hp-design/tax-accountant/
I, [2020-01-10T12:12:33.729983 #59601]  INFO -- : something wrong with https://imitsu.jp/list/hp-design/tax-accountant/ and now retrying...
I, [2020-01-10T12:12:33.730130 #59601]  INFO -- : scraping https://imitsu.jp/search/tax-accountant/
I, [2020-01-10T12:12:33.833429 #59601]  INFO -- : something wrong with https://imitsu.jp/search/tax-accountant/ and now retrying...
I, [2020-01-10T12:12:33.834051 #59601]  INFO -- : scraping https://imitsu.jp/search/tax-accountant/
I, [2020-01-10T12:12:34.783259 #59601]  INFO -- : something wrong with https://imitsu.jp/search/tax-accountant/ and now retrying...
I, [2020-01-10T12:12:34.783389 #59601]  INFO -- : scraping https://imitsu.jp/cost/tax-accountant/
I, [2020-01-10T12:12:34.869375 #59601]  INFO -- : something wrong with https://imitsu.jp/cost/tax-accountant/ and now retrying...
I, [2020-01-10T12:12:34.869478 #59601]  INFO -- : scraping https://imitsu.jp/cost/tax-accountant/
I, [2020-01-10T12:12:35.755412 #59601]  INFO -- : something wrong with https://imitsu.jp/cost/tax-accountant/ and now retrying...
I, [2020-01-10T12:12:35.755544 #59601]  INFO -- : scraping https://imitsu.jp/cost/tax-accountant/simulator
I, [2020-01-10T12:12:35.860817 #59601]  INFO -- : something wrong with https://imitsu.jp/cost/tax-accountant/simulator and now retrying...
I, [2020-01-10T12:12:35.860896 #59601]  INFO -- : scraping https://imitsu.jp/cost/tax-accountant/simulator
I, [2020-01-10T12:14:42.079272 #60221]  INFO -- : scraping https://imitsu.jp/list/hp-design/tax-accountant/
I, [2020-01-10T12:14:45.863088 #60221]  INFO -- : scraping https://imitsu.jp/search/tax-accountant/
I, [2020-01-10T12:14:59.649113 #60316]  INFO -- : scraping https://imitsu.jp/list/hp-design/tax-accountant/
I, [2020-01-10T12:15:04.569583 #60316]  INFO -- : scraping https://imitsu.jp/search/tax-accountant/
I, [2020-01-10T12:15:08.736261 #60316]  INFO -- : scraping https://imitsu.jp/cost/tax-accountant/
I, [2020-01-10T12:15:13.756252 #60352]  INFO -- : scraping https://imitsu.jp/list/hp-design/tax-accountant/
I, [2020-01-10T12:15:16.239104 #60352]  INFO -- : scraping https://imitsu.jp/search/tax-accountant/
I, [2020-01-10T12:15:19.220851 #60352]  INFO -- : scraping https://imitsu.jp/cost/tax-accountant/
I, [2020-01-10T12:15:22.376377 #60352]  INFO -- : scraping https://imitsu.jp/cost/tax-accountant/simulator
I, [2020-01-10T12:15:24.685246 #60352]  INFO -- : scraping https://imitsu.jp/list/tax-accountant/low-price/
I, [2020-01-10T12:15:27.629258 #60352]  INFO -- : scraping https://imitsu.jp/list/tax-accountant/tokyo/
I, [2020-01-10T12:15:30.786169 #60352]  INFO -- : scraping https://imitsu.jp/list/tax-accountant/kanagawa/
I, [2020-01-10T12:15:33.972412 #60352]  INFO -- : scraping https://imitsu.jp/list/tax-accountant/osaka/
I, [2020-01-10T12:15:37.065234 #60352]  INFO -- : scraping https://imitsu.jp/list/tax-accountant/aichi/
I, [2020-01-10T12:15:40.251395 #60352]  INFO -- : scraping https://imitsu.jp/list/tax-accountant/fukuoka/
I, [2020-01-10T12:15:43.373246 #60352]  INFO -- : scraping https://imitsu.jp/list/tax-accountant/hokkaido/
I, [2020-01-10T12:15:46.503052 #60352]  INFO -- : scraping https://imitsu.jp/list/tax-accountant/aomori/
I, [2020-01-10T12:15:49.642189 #60352]  INFO -- : scraping https://imitsu.jp/list/tax-accountant/akita/
I, [2020-01-10T12:15:52.800447 #60352]  INFO -- : scraping https://imitsu.jp/list/tax-accountant/yamagata/
I, [2020-01-10T12:15:59.161876 #60352]  INFO -- : scraping https://imitsu.jp/list/tax-accountant/iwate/
I, [2020-01-10T12:16:02.254711 #60352]  INFO -- : scraping https://imitsu.jp/list/tax-accountant/miyagi/
I, [2020-01-10T12:16:05.422356 #60352]  INFO -- : scraping https://imitsu.jp/list/tax-accountant/fukushima/
I, [2020-01-10T12:16:08.556614 #60352]  INFO -- : scraping https://imitsu.jp/list/tax-accountant/saitama/
I, [2020-01-10T12:16:11.709641 #60352]  INFO -- : scraping https://imitsu.jp/list/tax-accountant/chiba/
I, [2020-01-10T12:16:14.930661 #60352]  INFO -- : scraping https://imitsu.jp/list/tax-accountant/tochigi/
I, [2020-01-10T12:16:17.966572 #60352]  INFO -- : scraping https://imitsu.jp/list/tax-accountant/ibaraki/
I, [2020-01-10T12:16:21.112931 #60352]  INFO -- : scraping https://imitsu.jp/list/tax-accountant/gumma/
I, [2020-01-10T12:16:24.272883 #60352]  INFO -- : scraping https://imitsu.jp/list/tax-accountant/gifu/
I, [2020-01-10T12:16:28.449459 #60352]  INFO -- : scraping https://imitsu.jp/list/tax-accountant/shizuoka/
I, [2020-01-10T12:16:31.605795 #60352]  INFO -- : scraping https://imitsu.jp/list/tax-accountant/mie/
I, [2020-01-10T12:16:34.827686 #60352]  INFO -- : scraping https://imitsu.jp/list/tax-accountant/niigata/
I, [2020-01-10T12:16:37.886062 #60352]  INFO -- : scraping https://imitsu.jp/list/tax-accountant/yamanashi/
I, [2020-01-10T12:16:41.026455 #60352]  INFO -- : scraping https://imitsu.jp/list/tax-accountant/nagano/
I, [2020-01-10T12:16:44.191303 #60352]  INFO -- : scraping https://imitsu.jp/list/tax-accountant/ishikawa/
I, [2020-01-10T12:16:48.535811 #60352]  INFO -- : scraping https://imitsu.jp/list/tax-accountant/toyama/
I, [2020-01-10T12:16:51.787176 #60352]  INFO -- : scraping https://imitsu.jp/list/tax-accountant/fukui/
I, [2020-01-10T12:16:59.927276 #60352]  INFO -- : scraping https://imitsu.jp/list/tax-accountant/hyogo/
I, [2020-01-10T12:17:03.094954 #60352]  INFO -- : scraping https://imitsu.jp/list/tax-accountant/kyoto/
I, [2020-01-10T12:17:06.206807 #60352]  INFO -- : scraping https://imitsu.jp/list/tax-accountant/shiga/
I, [2020-01-10T12:17:11.433150 #60352]  INFO -- : scraping https://imitsu.jp/list/tax-accountant/nara/
I, [2020-01-10T12:17:15.625907 #60352]  INFO -- : scraping https://imitsu.jp/list/tax-accountant/wakayama/
I, [2020-01-10T12:17:18.782429 #60352]  INFO -- : scraping https://imitsu.jp/list/tax-accountant/okayama/
I, [2020-01-10T12:17:22.112751 #60352]  INFO -- : scraping https://imitsu.jp/list/tax-accountant/hiroshima/
I, [2020-01-10T12:17:25.081131 #60352]  INFO -- : scraping https://imitsu.jp/list/tax-accountant/tottori/
I, [2020-01-10T12:17:28.219993 #60352]  INFO -- : scraping https://imitsu.jp/list/tax-accountant/shimane/
I, [2020-01-10T12:17:31.364156 #60352]  INFO -- : scraping https://imitsu.jp/list/tax-accountant/yamaguchi/
I, [2020-01-10T12:17:34.507091 #60352]  INFO -- : scraping https://imitsu.jp/list/tax-accountant/kagawa/
I, [2020-01-10T12:17:37.645413 #60352]  INFO -- : scraping https://imitsu.jp/list/tax-accountant/tokushima/
I, [2020-01-10T12:17:41.319795 #60352]  INFO -- : scraping https://imitsu.jp/list/tax-accountant/ehime/
I, [2020-01-10T12:17:45.010683 #60352]  INFO -- : scraping https://imitsu.jp/list/tax-accountant/kochi/
I, [2020-01-10T12:17:48.184834 #60352]  INFO -- : scraping https://imitsu.jp/list/tax-accountant/saga/
I, [2020-01-10T12:17:51.312735 #60352]  INFO -- : scraping https://imitsu.jp/list/tax-accountant/nagasaki/
I, [2020-01-10T12:17:56.726153 #60352]  INFO -- : scraping https://imitsu.jp/list/tax-accountant/kumamoto/
I, [2020-01-10T12:18:00.714448 #60352]  INFO -- : scraping https://imitsu.jp/list/tax-accountant/oita/
I, [2020-01-10T12:18:03.864975 #60352]  INFO -- : scraping https://imitsu.jp/list/tax-accountant/miyazaki/
I, [2020-01-10T12:18:07.012718 #60352]  INFO -- : scraping https://imitsu.jp/list/tax-accountant/kagoshima/
I, [2020-01-10T12:18:10.226423 #60352]  INFO -- : scraping https://imitsu.jp/list/tax-accountant/okinawa/
I, [2020-01-10T12:18:14.388650 #60352]  INFO -- : scraping https://imitsu.jp/list/tax-accountant/npo/
I, [2020-01-10T12:18:17.539848 #60352]  INFO -- : scraping https://imitsu.jp/list/tax-accountant/inheritance/
I, [2020-01-10T12:18:20.791811 #60352]  INFO -- : scraping https://imitsu.jp/list/tax-accountant/tokyo_shinagawa-ku_gotanda/
I, [2020-01-10T12:18:23.796061 #60352]  INFO -- : scraping https://imitsu.jp/list/tax-accountant/accounting-agency/
I, [2020-01-10T12:18:26.981819 #60352]  INFO -- : scraping https://imitsu.jp/list/tax-accountant/tax-saving/
I, [2020-01-10T12:18:30.142017 #60352]  INFO -- : scraping https://imitsu.jp/list/tax-accountant/financing/
I, [2020-01-10T12:18:35.491719 #60352]  INFO -- : scraping https://imitsu.jp/list/tax-accountant/payroll/
I, [2020-01-10T12:18:38.508750 #60352]  INFO -- : scraping https://imitsu.jp/list/tax-accountant/cloud-accounting/
I, [2020-01-10T12:18:41.836977 #60352]  INFO -- : scraping https://imitsu.jp/list/tax-accountant/business-succession/
I, [2020-01-10T12:18:45.903813 #60352]  INFO -- : scraping https://imitsu.jp/list/tax-accountant/incorporation/
I, [2020-01-10T12:18:48.962524 #60352]  INFO -- : scraping https://imitsu.jp/list/tax-accountant/tax-audit/
I, [2020-01-10T12:18:52.098509 #60352]  INFO -- : scraping https://imitsu.jp/list/tax-accountant/articles-of-incorporation/
I, [2020-01-10T12:18:56.349786 #60352]  INFO -- : scraping https://imitsu.jp/list/tax-accountant/established-incorporated-association/
I, [2020-01-10T12:18:59.536317 #60352]  INFO -- : scraping https://imitsu.jp/list/tax-accountant/accounting-outsourcing/
I, [2020-01-10T12:19:02.646853 #60352]  INFO -- : scraping https://imitsu.jp/list/tax-accountant/establishment-of-medical-corporation/
I, [2020-01-10T12:19:05.753275 #60352]  INFO -- : scraping https://imitsu.jp/list/tax-accountant/money-forward-cloud-tax-accountant/
I, [2020-01-10T12:19:08.892514 #60352]  INFO -- : scraping https://imitsu.jp/list/tax-accountant/founding-loan/
I, [2020-01-10T12:19:12.074965 #60352]  INFO -- : scraping https://imitsu.jp/list/tax-accountant/business-succession-tax-accountant/
I, [2020-01-10T12:19:15.201709 #60352]  INFO -- : scraping https://imitsu.jp/list/tax-accountant/osaka_shinsaibashi/
I, [2020-01-10T12:19:18.349399 #60352]  INFO -- : scraping https://imitsu.jp/matome/tax-accountant/5116471492769073
I, [2020-01-10T12:19:20.589644 #60352]  INFO -- : scraping https://imitsu.jp/matome/tax-accountant/6734541195581368
I, [2020-01-10T12:19:23.553984 #60352]  INFO -- : scraping https://imitsu.jp/matome/tax-accountant/1814411175089008
I, [2020-01-10T12:19:25.878340 #60352]  INFO -- : scraping https://imitsu.jp/list/tax-accountant/
